<?xml version="1.0" encoding="UTF-8"?>
<testng-results ignored="0" total="1" passed="1" failed="0" skipped="0">
  <reporter-output>
  </reporter-output>
  <suite started-at="2026-03-14T18:12:52 IST" name="Default suite" finished-at="2026-03-14T18:13:31 IST" duration-ms="39244">
    <groups>
    </groups>
    <test started-at="2026-03-14T18:12:52 IST" name="Default test" finished-at="2026-03-14T18:13:31 IST" duration-ms="39244">
      <class name="hrm.TestSystemUserCreation">
        <test-method is-config="true" signature="launchApplication()[pri:0, instance:hrm.TestSystemUserCreation@48aca48b]" started-at="2026-03-14T18:12:52 IST" name="launchApplication" finished-at="2026-03-14T18:13:15 IST" duration-ms="23378" status="PASS">
          <reporter-output>
          </reporter-output>
        </test-method> <!-- launchApplication -->
        <test-method signature="userCreation()[pri:0, instance:hrm.TestSystemUserCreation@48aca48b]" started-at="2026-03-14T18:13:15 IST" name="userCreation" finished-at="2026-03-14T18:13:31 IST" duration-ms="15504" status="PASS">
          <reporter-output>
          </reporter-output>
        </test-method> <!-- userCreation -->
        <test-method is-config="true" signature="tearDown()[pri:0, instance:hrm.TestSystemUserCreation@48aca48b]" started-at="2026-03-14T18:13:31 IST" name="tearDown" finished-at="2026-03-14T18:13:31 IST" duration-ms="319" status="PASS">
          <reporter-output>
          </reporter-output>
        </test-method> <!-- tearDown -->
      </class> <!-- hrm.TestSystemUserCreation -->
    </test> <!-- Default test -->
  </suite> <!-- Default suite -->
</testng-results>
